0 info it worked if it ends with ok
1 verbose cli [ 'D:\\Develop\\nodejs\\node.exe',
1 verbose cli   'D:\\Develop\\nodejs\\node_modules\\npm\\bin\\npm-cli.js',
1 verbose cli   'start' ]
2 info using npm@3.10.10
3 info using node@v6.11.0
4 verbose run-script [ 'prestart', 'start', 'poststart' ]
5 info lifecycle reactapp@0.1.0~prestart: reactapp@0.1.0
6 silly lifecycle reactapp@0.1.0~prestart: no script for prestart, continuing
7 info lifecycle reactapp@0.1.0~start: reactapp@0.1.0
8 verbose lifecycle reactapp@0.1.0~start: unsafe-perm in lifecycle true
9 verbose lifecycle reactapp@0.1.0~start: PATH: D:\Develop\nodejs\node_modules\npm\bin\node-gyp-bin;G:\ReactApp\reactapp\node_modules\.bin;C:\ProgramData\Oracle\Java\javapath;C:\Windows\system32;C:\Windows;C:\Windows\System32\Wbem;C:\Windows\System32\WindowsPowerShell\v1.0\;C:\Program Files\TortoiseSVN\bin;D:\Program Files (x86)\Git\cmd;D:\Develop\nodejs\;C:\Program Files\Java\jdk1.8.0_102\bin;C:\Program Files\Git\cmd;C:\Program Files\MySQL\MySQL Utilities 1.6\;C:\Program Files (x86)\MySQL\MySQL Server 5.7\bin;C:\Program Files\apache-maven-3.5.2\bin;C:\Users\Boy\AppData\Local\Programs\Python\Python36-32\Scripts\;C:\Users\Boy\AppData\Local\Programs\Python\Python36-32\;d:\Program Files (x86)\Microsoft VS Code\bin;D:\Develop\nodejs\node_global;C:\Users\Boy\AppData\Local\atom\bin;C:\Users\Boy\AppData\Local\Programs\Fiddler
10 verbose lifecycle reactapp@0.1.0~start: CWD: G:\ReactApp\reactapp
11 silly lifecycle reactapp@0.1.0~start: Args: [ '/d /s /c', 'node scripts/start.js' ]
12 verbose stack Error: kill ENOSYS
12 verbose stack     at exports._errnoException (util.js:1018:11)
12 verbose stack     at process.kill (internal/process.js:190:13)
12 verbose stack     at process.listener (D:\Develop\nodejs\node_modules\npm\node_modules\npmlog\node_modules\gauge\node_modules\signal-exit\index.js:86:15)
12 verbose stack     at emitNone (events.js:91:20)
12 verbose stack     at process.emit (events.js:185:7)
12 verbose stack     at processEmit (D:\Develop\nodejs\node_modules\npm\node_modules\npmlog\node_modules\gauge\node_modules\signal-exit\index.js:146:32)
12 verbose stack     at processEmit (D:\Develop\nodejs\node_modules\npm\node_modules\npm-registry-client\node_modules\npmlog\node_modules\gauge\node_modules\signal-exit\index.js:146:32)
12 verbose stack     at Signal.wrap.onsignal (internal/process.js:217:44)
13 verbose cwd G:\ReactApp\reactapp
14 error Windows_NT 10.0.15063
15 error argv "D:\\Develop\\nodejs\\node.exe" "D:\\Develop\\nodejs\\node_modules\\npm\\bin\\npm-cli.js" "start"
16 error node v6.11.0
17 error npm  v3.10.10
18 error code ENOSYS
19 error errno ENOSYS
20 error syscall kill
21 error kill ENOSYS
22 error If you need help, you may report this error at:
22 error     <https://github.com/npm/npm/issues>
23 verbose exit [ 1, true ]
