0 info it worked if it ends with ok
1 verbose cli [ 'D:\\Develop\\nodejs\\node.exe',
1 verbose cli   'D:\\Develop\\nodejs\\node_modules\\npm\\bin\\npm-cli.js',
1 verbose cli   'run',
1 verbose cli   'server' ]
2 info using npm@3.10.10
3 info using node@v6.11.0
4 verbose run-script [ 'preserver', 'server', 'postserver' ]
5 info lifecycle reactapp@0.1.0~preserver: reactapp@0.1.0
6 silly lifecycle reactapp@0.1.0~preserver: no script for preserver, continuing
7 info lifecycle reactapp@0.1.0~server: reactapp@0.1.0
8 verbose lifecycle reactapp@0.1.0~server: unsafe-perm in lifecycle true
9 verbose lifecycle reactapp@0.1.0~server: PATH: D:\Develop\nodejs\node_modules\npm\bin\node-gyp-bin;G:\ReactApp\reactapp\node_modules\.bin;C:\ProgramData\Oracle\Java\javapath;C:\WINDOWS\system32;C:\WINDOWS;C:\WINDOWS\System32\Wbem;C:\WINDOWS\System32\WindowsPowerShell\v1.0\;C:\Program Files\TortoiseSVN\bin;D:\Program Files (x86)\Git\cmd;D:\Develop\nodejs\;C:\Program Files\Java\jdk1.8.0_102\bin;C:\Program Files\Git\cmd;C:\Program Files\MySQL\MySQL Utilities 1.6\;C:\Program Files (x86)\MySQL\MySQL Server 5.7\bin;C:\Program Files\apache-maven-3.5.2\bin;C:\Users\Boy\AppData\Local\Programs\Python\Python36-32\Scripts\;C:\Users\Boy\AppData\Local\Programs\Python\Python36-32\;d:\Program Files (x86)\Microsoft VS Code\bin;D:\Develop\nodejs\node_global;C:\Users\Boy\AppData\Local\atom\bin;C:\Users\Boy\AppData\Local\Programs\Fiddler;%USERPROFILE%\AppData\Local\Microsoft\WindowsApps;
10 verbose lifecycle reactapp@0.1.0~server: CWD: G:\ReactApp\reactapp
11 silly lifecycle reactapp@0.1.0~server: Args: [ '/d /s /c', 'nodemon server/server.js' ]
12 silly lifecycle reactapp@0.1.0~server: Returned: code: 3221225786  signal: null
13 info lifecycle reactapp@0.1.0~server: Failed to exec server script
14 verbose stack Error: reactapp@0.1.0 server: `nodemon server/server.js`
14 verbose stack Exit status 3221225786
14 verbose stack     at EventEmitter.<anonymous> (D:\Develop\nodejs\node_modules\npm\lib\utils\lifecycle.js:255:16)
14 verbose stack     at emitTwo (events.js:106:13)
14 verbose stack     at EventEmitter.emit (events.js:191:7)
14 verbose stack     at ChildProcess.<anonymous> (D:\Develop\nodejs\node_modules\npm\lib\utils\spawn.js:40:14)
14 verbose stack     at emitTwo (events.js:106:13)
14 verbose stack     at ChildProcess.emit (events.js:191:7)
14 verbose stack     at maybeClose (internal/child_process.js:891:16)
14 verbose stack     at Process.ChildProcess._handle.onexit (internal/child_process.js:226:5)
15 verbose pkgid reactapp@0.1.0
16 verbose cwd G:\ReactApp\reactapp\server
17 error Windows_NT 10.0.16299
18 error argv "D:\\Develop\\nodejs\\node.exe" "D:\\Develop\\nodejs\\node_modules\\npm\\bin\\npm-cli.js" "run" "server"
19 error node v6.11.0
20 error npm  v3.10.10
21 error code ELIFECYCLE
22 error reactapp@0.1.0 server: `nodemon server/server.js`
22 error Exit status 3221225786
23 error Failed at the reactapp@0.1.0 server script 'nodemon server/server.js'.
23 error Make sure you have the latest version of node.js and npm installed.
23 error If you do, this is most likely a problem with the reactapp package,
23 error not with npm itself.
23 error Tell the author that this fails on your system:
23 error     nodemon server/server.js
23 error You can get information on how to open an issue for this project with:
23 error     npm bugs reactapp
23 error Or if that isn't available, you can get their info via:
23 error     npm owner ls reactapp
23 error There is likely additional logging output above.
24 verbose exit [ 1, true ]
